1667959647944	geckodriver	INFO	Listening on 127.0.0.1:60026
1667959651019	mozrunner::runner	INFO	Running command: "C:\\Program Files\\Mozilla Firefox\\firefox.exe" "--marionette" "-no-remote" "-profile" "C:\\Users\\nanom\\AppData\\Local\\Temp\\rust_mozprofileLioiSP"
1667959651714	Marionette	INFO	Marionette enabled
1667959651719	Marionette	INFO	Listening on port 60043
Read port: 60043
1667959652048	RemoteAgent	WARN	TLS certificate errors will be ignored for this session
console.warn: SearchSettings: "get: No settings file exists, new profile?" (new NotFoundError("Could not open the file at C:\\Users\\nanom\\AppData\\Local\\Temp\\rust_mozprofileLioiSP\\search.json.mozlz4", (void 0)))
1667959655781	Marionette	INFO	Stopped listening on port 60043
console.warn: services.settings: main/partitioning-exempt-urls sync interrupted by shutdown
[Parent 21484, IPC I/O Parent] WARNING: file /builds/worker/checkouts/gecko/ipc/chromium/src/base/process_util_win.cc:167
1667960086441	geckodriver	INFO	Listening on 127.0.0.1:60851
1667960089483	mozrunner::runner	INFO	Running command: "C:\\Program Files\\Mozilla Firefox\\firefox.exe" "--marionette" "-no-remote" "-profile" "C:\\Users\\nanom\\AppData\\Local\\Temp\\rust_mozprofilecZCY09"
1667960089846	Marionette	INFO	Marionette enabled
1667960089850	Marionette	INFO	Listening on port 60868
Read port: 60868
1667960090159	RemoteAgent	WARN	TLS certificate errors will be ignored for this session
console.warn: SearchSettings: "get: No settings file exists, new profile?" (new NotFoundError("Could not open the file at C:\\Users\\nanom\\AppData\\Local\\Temp\\rust_mozprofilecZCY09\\search.json.mozlz4", (void 0)))
1667960097707	Marionette	INFO	Stopped listening on port 60868
console.warn: services.settings: main/partitioning-exempt-urls sync interrupted by shutdown
console.error: services.settings: 
  main/quicksuggest Signature failed  TypeError: NetworkError: Network request failed
console.error: services.settings: 
  main/query-stripping Signature failed  TypeError: NetworkError: Network request failed
1667960765875	geckodriver	INFO	Listening on 127.0.0.1:62063
1667960768959	mozrunner::runner	INFO	Running command: "C:\\Program Files\\Mozilla Firefox\\firefox.exe" "--marionette" "-no-remote" "-profile" "C:\\Users\\nanom\\AppData\\Local\\Temp\\rust_mozprofileb8q9Ru"
1667960769322	Marionette	INFO	Marionette enabled
1667960769325	Marionette	INFO	Listening on port 62080
Read port: 62080
1667960769634	RemoteAgent	WARN	TLS certificate errors will be ignored for this session
console.warn: SearchSettings: "get: No settings file exists, new profile?" (new NotFoundError("Could not open the file at C:\\Users\\nanom\\AppData\\Local\\Temp\\rust_mozprofileb8q9Ru\\search.json.mozlz4", (void 0)))
1667960773319	Marionette	INFO	Stopped listening on port 62080
console.warn: services.settings: main/partitioning-exempt-urls sync interrupted by shutdown
JavaScript error: resource:///modules/FaviconLoader.jsm, line 593: InvalidStateError: JSWindowActorChild.sendAsyncMessage: JSWindowActorChild cannot send at the moment
1667960816298	geckodriver	INFO	Listening on 127.0.0.1:62257
1667960819392	mozrunner::runner	INFO	Running command: "C:\\Program Files\\Mozilla Firefox\\firefox.exe" "--marionette" "-no-remote" "-profile" "C:\\Users\\nanom\\AppData\\Local\\Temp\\rust_mozprofileHESNpl"
1667960819817	Marionette	INFO	Marionette enabled
1667960819822	Marionette	INFO	Listening on port 62273
Read port: 62273
1667960820199	RemoteAgent	WARN	TLS certificate errors will be ignored for this session
console.warn: SearchSettings: "get: No settings file exists, new profile?" (new NotFoundError("Could not open the file at C:\\Users\\nanom\\AppData\\Local\\Temp\\rust_mozprofileHESNpl\\search.json.mozlz4", (void 0)))
1667960823044	Marionette	INFO	Stopped listening on port 62273
console.warn: services.settings: main/partitioning-exempt-urls sync interrupted by shutdown
JavaScript error: resource://services-settings/RemoteSettingsWorker.jsm, line 145: Error: Shutdown, aborting read-only worker requests.
1667960997739	geckodriver	INFO	Listening on 127.0.0.1:62563
1667961000802	mozrunner::runner	INFO	Running command: "C:\\Program Files\\Mozilla Firefox\\firefox.exe" "--marionette" "-no-remote" "-profile" "C:\\Users\\nanom\\AppData\\Local\\Temp\\rust_mozprofilez0J7AJ"
1667961001153	Marionette	INFO	Marionette enabled
1667961001157	Marionette	INFO	Listening on port 62580
Read port: 62580
1667961001388	RemoteAgent	WARN	TLS certificate errors will be ignored for this session
console.warn: SearchSettings: "get: No settings file exists, new profile?" (new NotFoundError("Could not open the file at C:\\Users\\nanom\\AppData\\Local\\Temp\\rust_mozprofilez0J7AJ\\search.json.mozlz4", (void 0)))
1667961008021	Marionette	INFO	Stopped listening on port 62580
console.warn: services.settings: main/partitioning-exempt-urls sync interrupted by shutdown
console.error: services.settings: 
  main/query-stripping Signature failed  TypeError: NetworkError: Network request failed
1667961036247	geckodriver	INFO	Listening on 127.0.0.1:62783
1667961039328	mozrunner::runner	INFO	Running command: "C:\\Program Files\\Mozilla Firefox\\firefox.exe" "--marionette" "-no-remote" "-profile" "C:\\Users\\nanom\\AppData\\Local\\Temp\\rust_mozprofile50Z9YL"
1667961039688	Marionette	INFO	Marionette enabled
1667961039692	Marionette	INFO	Listening on port 62799
Read port: 62799
1667961039923	RemoteAgent	WARN	TLS certificate errors will be ignored for this session
console.warn: SearchSettings: "get: No settings file exists, new profile?" (new NotFoundError("Could not open the file at C:\\Users\\nanom\\AppData\\Local\\Temp\\rust_mozprofile50Z9YL\\search.json.mozlz4", (void 0)))
1667961060655	Marionette	INFO	Stopped listening on port 62799
JavaScript error: chrome://remote/content/marionette/cert.js, line 57: NS_ERROR_NOT_AVAILABLE: Component returned failure code: 0x80040111 (NS_ERROR_NOT_AVAILABLE) [nsICertOverrideService.setDisableAllSecurityChecksAndLetAttackersInterceptMyData]
1667961111395	geckodriver	INFO	Listening on 127.0.0.1:63364
1667961114465	mozrunner::runner	INFO	Running command: "C:\\Program Files\\Mozilla Firefox\\firefox.exe" "--marionette" "-no-remote" "-profile" "C:\\Users\\nanom\\AppData\\Local\\Temp\\rust_mozprofileWZzWVS"
1667961114828	Marionette	INFO	Marionette enabled
1667961114832	Marionette	INFO	Listening on port 63380
Read port: 63380
1667961115058	RemoteAgent	WARN	TLS certificate errors will be ignored for this session
console.warn: SearchSettings: "get: No settings file exists, new profile?" (new NotFoundError("Could not open the file at C:\\Users\\nanom\\AppData\\Local\\Temp\\rust_mozprofileWZzWVS\\search.json.mozlz4", (void 0)))
1667961125342	Marionette	INFO	Stopped listening on port 63380
JavaScript error: resource://services-settings/Utils.jsm, line 239: TypeError: NetworkError: Network request failed
1667961172732	geckodriver	INFO	Listening on 127.0.0.1:63578
1667961175809	mozrunner::runner	INFO	Running command: "C:\\Program Files\\Mozilla Firefox\\firefox.exe" "--marionette" "-no-remote" "-profile" "C:\\Users\\nanom\\AppData\\Local\\Temp\\rust_mozprofileNwioUv"
1667961176160	Marionette	INFO	Marionette enabled
1667961176164	Marionette	INFO	Listening on port 63622
Read port: 63622
1667961176394	RemoteAgent	WARN	TLS certificate errors will be ignored for this session
console.warn: SearchSettings: "get: No settings file exists, new profile?" (new NotFoundError("Could not open the file at C:\\Users\\nanom\\AppData\\Local\\Temp\\rust_mozprofileNwioUv\\search.json.mozlz4", (void 0)))
1667961182998	Marionette	INFO	Stopped listening on port 63622
JavaScript error: resource://services-settings/Utils.jsm, line 239: TypeError: NetworkError: Network request failed
1667961221927	geckodriver	INFO	Listening on 127.0.0.1:63806
1667961224993	mozrunner::runner	INFO	Running command: "C:\\Program Files\\Mozilla Firefox\\firefox.exe" "--marionette" "-no-remote" "-profile" "C:\\Users\\nanom\\AppData\\Local\\Temp\\rust_mozprofilennYfzF"
1667961225352	Marionette	INFO	Marionette enabled
1667961225356	Marionette	INFO	Listening on port 63822
Read port: 63822
1667961225662	RemoteAgent	WARN	TLS certificate errors will be ignored for this session
console.warn: SearchSettings: "get: No settings file exists, new profile?" (new NotFoundError("Could not open the file at C:\\Users\\nanom\\AppData\\Local\\Temp\\rust_mozprofilennYfzF\\search.json.mozlz4", (void 0)))
console.warn: LoginRecipes: "Falling back to a synchronous message for: https://cs.oasis.asu.edu."
1667966386273	Marionette	INFO	Stopped listening on port 63822
[Parent 20988, IPC I/O Parent] WARNING: file /builds/worker/checkouts/gecko/ipc/chromium/src/base/process_util_win.cc:167
nette	INFO	Marionette enabled
1667961239842	Marionette	INFO	Listening on port 63969
Read port: 63969
1667961239923	RemoteAgent	WARN	TLS certificate errors will be ignored for this session
console.warn: SearchSettings: "get: No settings file exists, new profile?" (new NotFoundError("Could not open the file at C:\\Users\\nanom\\AppData\\Local\\Temp\\rust_mozprofileERPbM0\\search.json.mozlz4", (void 0)))
1667961243425	Marionette	INFO	Stopped listening on port 63969
console.warn: services.settings: main/partitioning-exempt-urls sync interrupted by shutdown
1667966702200	geckodriver	INFO	Listening on 127.0.0.1:51161
1667966705255	mozrunner::runner	INFO	Running command: "C:\\Program Files\\Mozilla Firefox\\firefox.exe" "--marionette" "-no-remote" "-profile" "C:\\Users\\nanom\\AppData\\Local\\Temp\\rust_mozprofiletsDcNT"
1667966705613	Marionette	INFO	Marionette enabled
1667966705617	Marionette	INFO	Listening on port 51177
Read port: 51177
1667966705923	RemoteAgent	WARN	TLS certificate errors will be ignored for this session
console.warn: SearchSettings: "get: No settings file exists, new profile?" (new NotFoundError("Could not open the file at C:\\Users\\nanom\\AppData\\Local\\Temp\\rust_mozprofiletsDcNT\\search.json.mozlz4", (void 0)))
1667966722143	Marionette	INFO	Stopped listening on port 51171667966722863	mozrunner::runner	INFO	Running command: "C:\\Program Files\\Mozilla Firefox\\firefox.exe" "--marionette" "-no-remote" "-profile" "C:\\Users\\nanom\\AppData\\Local\\Temp\\rust_mozprofileHtf26v"
1667966723243	Marionette	INFO	Marionette enabled
1667966723253	Marionette	INFO	Listening on port 51328
Read port: 51328
1667966723408	RemoteAgent	WARN	TLS certificate errors will be ignored for this session
console.warn: SearchSettings: "get: No settings file exists, new profile?" (new NotFoundError("Could not open the file at C:\\Users\\nanom\\AppData\\Local\\Temp\\rust_mozprofileHtf26v\\search.json.mozlz4", (void 0)))
1667966728544	Marionette	INFO	Stopped listening on port 51328
console.warn: services.settings: main/partitioning-exempt-urls sync interrupted by shutdown
1667966766992	geckodriver	INFO	Listening on 127.0.0.1:63605
1667966770063	mozrunner::runner	INFO	Running command: "C:\\Program Files\\Mozilla Firefox\\firefox.exe" "--marionette" "-no-remote" "-profile" "C:\\Users\\nanom\\AppData\\Local\\Temp\\rust_mozprofilePaXuiQ"
1667966770517	Marionette	INFO	Marionette enabled
1667966770521	Marionette	INFO	Listening on port 63623
Read port: 63623
1667966770920	RemoteAgent	WARN	TLS certificate errors will be ignored for this session
console.warn: SearchSettings: "get: No settings file exists, new profile?" (new NotFoundError("Could not open the file at C:\\Users\\nanom\\AppData\\Local\\Temp\\rust_mozprofilePaXuiQ\\search.json.mozlz4", (void 0)))
1667966776846	Marionette	INFO	Stopped listening on port 63623
1667966872202	geckodriver	INFO	Listening on 127.0.0.1:63863
1667966875260	mozrunner::runner	INFO	Running command: "C:\\Program Files\\Mozilla Firefox\\firefox.exe" "--marionette" "-no-remote" "-profile" "C:\\Users\\nanom\\AppData\\Local\\Temp\\rust_mozprofilet2TIn9"
1667966875598	Marionette	INFO	Marionette enabled
1667966875602	Marionette	INFO	Listening on port 63878
Read port: 63878
1667966875842	RemoteAgent	WARN	TLS certificate errors will be ignored for this session
console.warn: SearchSettings: "get: No settings file exists, new profile?" (new NotFoundError("Could not open the file at C:\\Users\\nanom\\AppData\\Local\\Temp\\rust_mozprofilet2TIn9\\search.json.mozlz4", (void 0)))
1667966879506	Marionette	INFO	Stopped listening on port 63878
[Parent 21836, IPC I/O Parent] WARNING: file /builds/worker/checkouts/gecko/ipc/chromium/src/base/process_util_win.cc:167
JavaScript error: resource://services-settings/RemoteSettingsWorker.jsm, line 145: Error: Shutdown, aborting read-only worker requests.
1667967032666	geckodriver	INFO	Listening on 127.0.0.1:64263
1667967035723	mozrunner::runner	INFO	Running command: "C:\\Program Files\\Mozilla Firefox\\firefox.exe" "--marionette" "-no-remote" "-profile" "C:\\Users\\nanom\\AppData\\Local\\Temp\\rust_mozprofileWvyroR"
1667967036073	Marionette	INFO	Marionette enabled
1667967036077	Marionette	INFO	Listening on port 64279
Read port: 64279
1667967036408	RemoteAgent	WARN	TLS certificate errors will be ignored for this session
console.warn: SearchSettings: "get: No settings file exists, new profile?" (new NotFoundError("Could not open the file at C:\\Users\\nanom\\AppData\\Local\\Temp\\rust_mozprofileWvyroR\\search.json.mozlz4", (void 0)))
1667967040193	Marionette	INFO	Stopped listening on port 64279
console.warn: services.settings: main/partitioning-exempt-urls sync interrupted by shutdown
JavaScript error: resource://services-settings/RemoteSettingsWorker.jsm, line 145: Error: Shutdown, aborting read-only worker requests.
1667967111672	geckodriver	INFO	Listening on 127.0.0.1:53700
1667967114718	mozrunner::runner	INFO	Running command: "C:\\Program Files\\Mozilla Firefox\\firefox.exe" "--marionette" "-no-remote" "-profile" "C:\\Users\\nanom\\AppData\\Local\\Temp\\rust_mozprofileM1FZza"
1667967115078	Marionette	INFO	Marionette enabled
1667967115082	Marionette	INFO	Listening on port 53715
Read port: 53715
1667967115322	RemoteAgent	WARN	TLS certificate errors will be ignored for this session
console.warn: SearchSettings: "get: No settings file exists, new profile?" (new NotFoundError("Could not open the file at C:\\Users\\nanom\\AppData\\Local\\Temp\\rust_mozprofileM1FZza\\search.json.mozlz4", (void 0)))
1667967173231	Marionette	INFO	Stopped listening on port 53715
7967153611	mozrunner::runner	INFO	Running command: "C:\\Program Files\\Mozilla Firefox\\firefox.exe" "--marionette" "-no-remote" "-profile" "C:\\Users\\nanom\\AppData\\Local\\Temp\\rust_mozprofile2xGh4Y"
1667967153931	Marionette	INFO	Marionette enabled
1667967153936	Marionette	INFO	Listening on port 53901
Read port: 53901
1667967154181	RemoteAgent	WARN	TLS certificate errors will be ignored for this session
console.warn: SearchSettings: "get: No settings file exists, new profile?" (new NotFoundError("Could not open the file at C:\\Users\\nanom\\AppData\\Local\\Temp\\rust_mozprofile2xGh4Y\\search.json.mozlz4", (void 0)))
1667967157794	Marionette	INFO	Stopped listening on port 53901
1667967233529	geckodriver	INFO	Listening on 127.0.0.1:54164
1667967236595	mozrunner::runner	INFO	Running command: "C:\\Program Files\\Mozilla Firefox\\firefox.exe" "--marionette" "-no-remote" "-profile" "C:\\Users\\nanom\\AppData\\Local\\Temp\\rust_mozprofileFJmG0U"
1667967236962	Marionette	INFO	Marionette enabled
1667967236966	Marionette	INFO	Listening on port 54181
Read port: 54181
1667967237199	RemoteAgent	WARN	TLS certificate errors will be ignored for this session
console.warn: SearchSettings: "get: No settings file exists, new profile?" (new NotFoundError("Could not open the file at C:\\Users\\nanom\\AppData\\Local\\Temp\\rust_mozprofileFJmG0U\\search.json.mozlz4", (void 0)))
1667967241009	Marionette	INFO	Stopped listening on port 54181
JavaScript error: resource://services-settings/RemoteSettingsWorker.jsm, line 145: Error: Shutdown, aborting read-only worker requests.
1667967738964	geckodriver	INFO	Listening on 127.0.0.1:56149
1667967742046	mozrunner::runner	INFO	Running command: "C:\\Program Files\\Mozilla Firefox\\firefox.exe" "--marionette" "-no-remote" "-profile" "C:\\Users\\nanom\\AppData\\Local\\Temp\\rust_mozprofilezxaSiC"
1667967742409	Marionette	INFO	Marionette enabled
1667967742413	Marionette	INFO	Listening on port 56166
Read port: 56166
1667967742653	RemoteAgent	WARN	TLS certificate errors will be ignored for this session
console.warn: SearchSettings: "get: No settings file exists, new profile?" (new NotFoundError("Could not open the file at C:\\Users\\nanom\\AppData\\Local\\Temp\\rust_mozprofilezxaSiC\\search.json.mozlz4", (void 0)))
JavaScript warning: https://player.vimeo.com/video/591043158, line 1: unreachable code after return statement
JavaScript warning: https://player.vimeo.com/video/591043158, line 1: unreachable code after return statement
1667969717713	Marionette	INFO	Stopped listening on port 56166
onette	INFO	Marionette enabled
1667967775802	Marionette	INFO	Listening on port 56446
Read port: 56446
1667967775891	RemoteAgent	WARN	TLS certificate errors will be ignored for this session
console.warn: SearchSettings: "get: No settings file exists, new profile?" (new NotFoundError("Could not open the file at C:\\Users\\nanom\\AppData\\Local\\Temp\\rust_mozprofileEjftgm\\search.json.mozlz4", (void 0)))
1667967781732	Marionette	INFO	Stopped listening on port 56446
1667967824082	geckodriver	INFO	Listening on 127.0.0.1:56661
1667967827147	mozrunner::runner	INFO	Running command: "C:\\Program Files\\Mozilla Firefox\\firefox.exe" "--marionette" "-no-remote" "-profile" "C:\\Users\\nanom\\AppData\\Local\\Temp\\rust_mozprofileqyMFlG"
1667967827465	Marionette	INFO	Marionette enabled
1667967827469	Marionette	INFO	Listening on port 56677
Read port: 56677
1667967827549	RemoteAgent	WARN	TLS certificate errors will be ignored for this session
console.warn: SearchSettings: "get: No settings file exists, new profile?" (new NotFoundError("Could not open the file at C:\\Users\\nanom\\AppData\\Local\\Temp\\rust_mozprofileqyMFlG\\search.json.mozlz4", (void 0)))
1667967832436	Marionette	INFO	Stopped listening on port 56677
1667967860098	geckodriver	INFO	Listening on 127.0.0.1:56801
1667967863178	mozrunner::runner	INFO	Running command: "C:\\Program Files\\Mozilla Firefox\\firefox.exe" "--marionette" "-no-remote" "-profile" "C:\\Users\\nanom\\AppData\\Local\\Temp\\rust_mozprofileUvlh5C"
1667967863486	Marionette	INFO	Marionette enabled
1667967863490	Marionette	INFO	Listening on port 56818
Read port: 56818
1667967863568	RemoteAgent	WARN	TLS certificate errors will be ignored for this session
console.warn: SearchSettings: "get: No settings file exists, new profile?" (new NotFoundError("Could not open the file at C:\\Users\\nanom\\AppData\\Local\\Temp\\rust_mozprofileUvlh5C\\search.json.mozlz4", (void 0)))
1667967874898	Marionette	INFO	Stopped listening on port 56818
console.warn: services.settings: main/partitioning-exempt-urls sync interrupted by shutdown
1667968523497	geckodriver	INFO	Listening on 127.0.0.1:54983
1667968526589	mozrunner::runner	INFO	Running command: "C:\\Program Files\\Mozilla Firefox\\firefox.exe" "--marionette" "-no-remote" "-profile" "C:\\Users\\nanom\\AppData\\Local\\Temp\\rust_mozprofileyKy2TE"
1667968526886	Marionette	INFO	Marionette enabled
1667968526890	Marionette	INFO	Listening on port 54998
Read port: 54998
1667968526969	RemoteAgent	WARN	TLS certificate errors will be ignored for this session
console.warn: SearchSettings: "get: No settings file exists, new profile?" (new NotFoundError("Could not open the file at C:\\Users\\nanom\\AppData\\Local\\Temp\\rust_mozprofileyKy2TE\\search.json.mozlz4", (void 0)))
1667968530815	Marionette	INFO	Stopped listening on port 54998
JavaScript error: resource://services-settings/RemoteSettingsWorker.jsm, line 145: Error: Shutdown, aborting read-only worker requests.
1667968531478	geckodriver	INFO	Listening on 127.0.0.1:55083
1667968534542	mozrunner::runner	INFO	Running command: "C:\\Program Files\\Mozilla Firefox\\firefox.exe" "--marionette" "-no-remote" "-profile" "C:\\Users\\nanom\\AppData\\Local\\Temp\\rust_mozprofile5MDn2u"
1667968534843	Marionette	INFO	Marionette enabled
1667968534847	Marionette	INFO	Listening on port 55099
Read port: 55099
1667968534928	RemoteAgent	WARN	TLS certificate errors will be ignored for this session
console.warn: SearchSettings: "get: No settings file exists, new profile?" (new NotFoundError("Could not open the file at C:\\Users\\nanom\\AppData\\Local\\Temp\\rust_mozprofile5MDn2u\\search.json.mozlz4", (void 0)))
1667968538678	Marionette	INFO	Stopped listening on port 55099
JavaScript error: resource://services-settings/RemoteSettingsWorker.jsm, line 145: Error: Shutdown, aborting read-only worker requests.
1667968555536	geckodriver	INFO	Listening on 127.0.0.1:55279
1667968558615	mozrunner::runner	INFO	Running command: "C:\\Program Files\\Mozilla Firefox\\firefox.exe" "--marionette" "-no-remote" "-profile" "C:\\Users\\nanom\\AppData\\Local\\Temp\\rust_mozprofileX2P3Zg"
1667968558964	Marionette	INFO	Marionette enabled
1667968558969	Marionette	INFO	Listening on port 55300
Read port: 55300
1667968559191	RemoteAgent	WARN	TLS certificate errors will be ignored for this session
console.warn: SearchSettings: "get: No settings file exists, new profile?" (new NotFoundError("Could not open the file at C:\\Users\\nanom\\AppData\\Local\\Temp\\rust_mozprofileX2P3Zg\\search.json.mozlz4", (void 0)))
1667968564925	Marionette	INFO	Stopped listening on port 55300
JavaScript error: resource://services-settings/RemoteSettingsWorker.jsm, line 145: Error: Shutdown, aborting read-only worker requests.
1667969683476	geckodriver	INFO	Listening on 127.0.0.1:57211
1667969686544	mozrunner::runner	INFO	Running command: "C:\\Program Files\\Mozilla Firefox\\firefox.exe" "--marionette" "-no-remote" "-profile" "C:\\Users\\nanom\\AppData\\Local\\Temp\\rust_mozprofileu0854x"
1667969686928	Marionette	INFO	Marionette enabled
1667969686934	Marionette	INFO	Listening on port 57227
Read port: 57227
1667969687038	RemoteAgent	WARN	TLS certificate errors will be ignored for this session
console.warn: SearchSettings: "get: No settings file exists, new profile?" (new NotFoundError("Could not open the file at C:\\Users\\nanom\\AppData\\Local\\Temp\\rust_mozprofileu0854x\\search.json.mozlz4", (void 0)))
1667969718397	Marionette	INFO	Stopped listening on port 57227
JavaScript error: resource://services-settings/Utils.jsm, line 239: TypeError: NetworkError: Network request failed
1667969825597	geckodriver	INFO	Listening on 127.0.0.1:57662
1667969828659	mozrunner::runner	INFO	Running command: "C:\\Program Files\\Mozilla Firefox\\firefox.exe" "--marionette" "-no-remote" "-profile" "C:\\Users\\nanom\\AppData\\Local\\Temp\\rust_mozprofilefa5tzv"
1667969829013	Marionette	INFO	Marionette enabled
1667969829017	Marionette	INFO	Listening on port 57678
Read port: 57678
1667969829250	RemoteAgent	WARN	TLS certificate errors will be ignored for this session
console.warn: SearchSettings: "get: No settings file exists, new profile?" (new NotFoundError("Could not open the file at C:\\Users\\nanom\\AppData\\Local\\Temp\\rust_mozprofilefa5tzv\\search.json.mozlz4", (void 0)))
1667969833144	Marionette	INFO	Stopped listening on port 57678
console.warn: services.settings: main/partitioning-exempt-urls sync interrupted by shutdown
1667969943162	geckodriver	INFO	Listening on 127.0.0.1:58105
1667969946246	mozrunner::runner	INFO	Running command: "C:\\Program Files\\Mozilla Firefox\\firefox.exe" "--marionette" "-no-remote" "-profile" "C:\\Users\\nanom\\AppData\\Local\\Temp\\rust_mozprofilejlKb7u"
1667969946657	Marionette	INFO	Marionette enabled
1667969946662	Marionette	INFO	Listening on port 58126
Read port: 58126
1667969946977	RemoteAgent	WARN	TLS certificate errors will be ignored for this session
console.warn: SearchSettings: "get: No settings file exists, new profile?" (new NotFoundError("Could not open the file at C:\\Users\\nanom\\AppData\\Local\\Temp\\rust_mozprofilejlKb7u\\search.json.mozlz4", (void 0)))
1667969951292	Marionette	INFO	Stopped listening on port 58126
[Parent 9648, IPC I/O Parent] WARNING: file /builds/worker/checkouts/gecko/ipc/chromium/src/base/process_util_win.cc:167
1667970102785	geckodriver	INFO	Listening on 127.0.0.1:58509
1667970105856	mozrunner::runner	INFO	Running command: "C:\\Program Files\\Mozilla Firefox\\firefox.exe" "--marionette" "-no-remote" "-profile" "C:\\Users\\nanom\\AppData\\Local\\Temp\\rust_mozprofilesxuSte"
1667970106209	Marionette	INFO	Marionette enabled
1667970106213	Marionette	INFO	Listening on port 58527
Read port: 58527
1667970106447	RemoteAgent	WARN	TLS certificate errors will be ignored for this session
console.warn: SearchSettings: "get: No settings file exists, new profile?" (new NotFoundError("Could not open the file at C:\\Users\\nanom\\AppData\\Local\\Temp\\rust_mozprofilesxuSte\\search.json.mozlz4", (void 0)))
1667970111703	Marionette	INFO	Stopped listening on port 58527
console.warn: services.settings: main/partitioning-exempt-urls sync interrupted by shutdown
JavaScript error: resource://services-settings/RemoteSettingsWorker.jsm, line 145: Error: Shutdown, aborting read-only worker requests.
1667970369377	geckodriver	INFO	Listening on 127.0.0.1:49240
1667970372454	mozrunner::runner	INFO	Running command: "C:\\Program Files\\Mozilla Firefox\\firefox.exe" "--marionette" "-no-remote" "-profile" "C:\\Users\\nanom\\AppData\\Local\\Temp\\rust_mozprofileOOqIK0"
1667970372795	Marionette	INFO	Marionette enabled
1667970372798	Marionette	INFO	Listening on port 49257
Read port: 49257
1667970373105	RemoteAgent	WARN	TLS certificate errors will be ignored for this session
console.warn: SearchSettings: "get: No settings file exists, new profile?" (new NotFoundError("Could not open the file at C:\\Users\\nanom\\AppData\\Local\\Temp\\rust_mozprofileOOqIK0\\search.json.mozlz4", (void 0)))
1667970378013	Marionette	INFO	Stopped listening on port 49257
JavaScript error: resource://services-settings/RemoteSettingsWorker.jsm, line 145: Error: Shutdown, aborting read-only worker requests.
1667970945095	geckodriver	INFO	Listening on 127.0.0.1:50674
1667970948179	mozrunner::runner	INFO	Running command: "C:\\Program Files\\Mozilla Firefox\\firefox.exe" "--marionette" "-no-remote" "-profile" "C:\\Users\\nanom\\AppData\\Local\\Temp\\rust_mozprofileFwWSS7"
1667970948557	Marionette	INFO	Marionette enabled
1667970948560	Marionette	INFO	Listening on port 50697
Read port: 50697
1667970948808	RemoteAgent	WARN	TLS certificate errors will be ignored for this session
console.warn: SearchSettings: "get: No settings file exists, new profile?" (new NotFoundError("Could not open the file at C:\\Users\\nanom\\AppData\\Local\\Temp\\rust_mozprofileFwWSS7\\search.json.mozlz4", (void 0)))
1667970954975	Marionette	INFO	Stopped listening on port 50697
JavaScript error: resource://services-settings/RemoteSettingsWorker.jsm, line 145: Error: Shutdown, aborting read-only worker requests.
1667971182095	geckodriver	INFO	Listening on 127.0.0.1:52974
1667971185176	mozrunner::runner	INFO	Running command: "C:\\Program Files\\Mozilla Firefox\\firefox.exe" "--marionette" "-no-remote" "-profile" "C:\\Users\\nanom\\AppData\\Local\\Temp\\rust_mozprofile3IhVpk"
1667971185529	Marionette	INFO	Marionette enabled
1667971185533	Marionette	INFO	Listening on port 52991
Read port: 52991
1667971185762	RemoteAgent	WARN	TLS certificate errors will be ignored for this session
console.warn: SearchSettings: "get: No settings file exists, new profile?" (new NotFoundError("Could not open the file at C:\\Users\\nanom\\AppData\\Local\\Temp\\rust_mozprofile3IhVpk\\search.json.mozlz4", (void 0)))
1667971189418	Marionette	INFO	Stopped listening on port 52991
console.warn: services.settings: main/partitioning-exempt-urls sync interrupted by shutdown
JavaScript error: resource://services-settings/RemoteSettingsWorker.jsm, line 145: Error: Shutdown, aborting read-only worker requests.
1667971260457	geckodriver	INFO	Listening on 127.0.0.1:53163
1667971263516	mozrunner::runner	INFO	Running command: "C:\\Program Files\\Mozilla Firefox\\firefox.exe" "--marionette" "-no-remote" "-profile" "C:\\Users\\nanom\\AppData\\Local\\Temp\\rust_mozprofileUsFo3t"
1667971263927	Marionette	INFO	Marionette enabled
1667971263932	Marionette	INFO	Listening on port 53179
Read port: 53179
1667971264190	RemoteAgent	WARN	TLS certificate errors will be ignored for this session
console.warn: SearchSettings: "get: No settings file exists, new profile?" (new NotFoundError("Could not open the file at C:\\Users\\nanom\\AppData\\Local\\Temp\\rust_mozprofileUsFo3t\\search.json.mozlz4", (void 0)))
1667971270036	Marionette	INFO	Stopped listening on port 53179
1667971411034	geckodriver	INFO	Listening on 127.0.0.1:53712
1667971414102	mozrunner::runner	INFO	Running command: "C:\\Program Files\\Mozilla Firefox\\firefox.exe" "--marionette" "-no-remote" "-profile" "C:\\Users\\nanom\\AppData\\Local\\Temp\\rust_mozprofileaZCL3h"
1667971414448	Marionette	INFO	Marionette enabled
1667971414452	Marionette	INFO	Listening on port 53730
Read port: 53730
1667971414776	RemoteAgent	WARN	TLS certificate errors will be ignored for this session
console.warn: SearchSettings: "get: No settings file exists, new profile?" (new NotFoundError("Could not open the file at C:\\Users\\nanom\\AppData\\Local\\Temp\\rust_mozprofileaZCL3h\\search.json.mozlz4", (void 0)))
1667971419593	Marionette	INFO	Stopped listening on port 53730
console.warn: services.settings: main/partitioning-exempt-urls sync interrupted by shutdown
1667971451707	geckodriver	INFO	Listening on 127.0.0.1:53898
1667971454775	mozrunner::runner	INFO	Running command: "C:\\Program Files\\Mozilla Firefox\\firefox.exe" "--marionette" "-no-remote" "-profile" "C:\\Users\\nanom\\AppData\\Local\\Temp\\rust_mozprofile4IBUj3"
1667971455141	Marionette	INFO	Marionette enabled
1667971455146	Marionette	INFO	Listening on port 53916
Read port: 53916
1667971455468	RemoteAgent	WARN	TLS certificate errors will be ignored for this session
console.warn: SearchSettings: "get: No settings file exists, new profile?" (new NotFoundError("Could not open the file at C:\\Users\\nanom\\AppData\\Local\\Temp\\rust_mozprofile4IBUj3\\search.json.mozlz4", (void 0)))
1667971524021	Marionette	INFO	Stopped listening on port 53916
console.warn: services.settings: main/partitioning-exempt-urls sync interrupted by shutdown
console.warn: services.settings: main/quicksuggest sync interrupted by shutdown
console.error: services.settings: 
  main/query-stripping Signature failed  TypeError: NetworkError: Network request failed
1667972813900	geckodriver	INFO	Listening on 127.0.0.1:56600
1667972816948	mozrunner::runner	INFO	Running command: "C:\\Program Files\\Mozilla Firefox\\firefox.exe" "--marionette" "-no-remote" "-profile" "C:\\Users\\nanom\\AppData\\Local\\Temp\\rust_mozprofilevGnD85"
1667972817303	Marionette	INFO	Marionette enabled
1667972817306	Marionette	INFO	Listening on port 56623
Read port: 56623
1667972817531	RemoteAgent	WARN	TLS certificate errors will be ignored for this session
console.warn: SearchSettings: "get: No settings file exists, new profile?" (new NotFoundError("Could not open the file at C:\\Users\\nanom\\AppData\\Local\\Temp\\rust_mozprofilevGnD85\\search.json.mozlz4", (void 0)))
1667972823923	Marionette	INFO	Stopped listening on port 56623
1667972824551	geckodriver	INFO	Listening on 127.0.0.1:56744
1667972827606	mozrunner::runner	INFO	Running command: "C:\\Program Files\\Mozilla Firefox\\firefox.exe" "--marionette" "-no-remote" "-profile" "C:\\Users\\nanom\\AppData\\Local\\Temp\\rust_mozprofileAq5nOS"
1667972827956	Marionette	INFO	Marionette enabled
1667972827960	Marionette	INFO	Listening on port 56759
Read port: 56759
1667972828262	RemoteAgent	WARN	TLS certificate errors will be ignored for this session
console.warn: SearchSettings: "get: No settings file exists, new profile?" (new NotFoundError("Could not open the file at C:\\Users\\nanom\\AppData\\Local\\Temp\\rust_mozprofileAq5nOS\\search.json.mozlz4", (void 0)))
1667972833964	Marionette	INFO	Stopped listening on port 56759
JavaScript error: resource://gre/modules/NewTabUtils.jsm, line 675: NS_ERROR_UNEXPECTED: Component returned failure code: 0x8000ffff (NS_ERROR_UNEXPECTED) [nsINavHistoryService.asyncExecuteLegacyQuery]
1667972836961	geckodriver	INFO	Listening on 127.0.0.1:56835
1667972840022	mozrunner::runner	INFO	Running command: "C:\\Program Files\\Mozilla Firefox\\firefox.exe" "--marionette" "-no-remote" "-profile" "C:\\Users\\nanom\\AppData\\Local\\Temp\\rust_mozprofileyKRRKf"
1667972840467	Marionette	INFO	Marionette enabled
1667972840471	Marionette	INFO	Listening on port 56850
Read port: 56850
1667972840700	RemoteAgent	WARN	TLS certificate errors will be ignored for this session
console.warn: SearchSettings: "get: No settings file exists, new profile?" (new NotFoundError("Could not open the file at C:\\Users\\nanom\\AppData\\Local\\Temp\\rust_mozprofileyKRRKf\\search.json.mozlz4", (void 0)))
1667972846248	Marionette	INFO	Stopped listening on port 56850
JavaScript error: resource://services-settings/RemoteSettingsWorker.jsm, line 145: Error: Shutdown, aborting read-only worker requests.
1667976515297	geckodriver	INFO	Listening on 127.0.0.1:49446
1667976518350	mozrunner::runner	INFO	Running command: "C:\\Program Files\\Mozilla Firefox\\firefox.exe" "--marionette" "-no-remote" "-profile" "C:\\Users\\nanom\\AppData\\Local\\Temp\\rust_mozprofileIoBthT"
1667976518707	Marionette	INFO	Marionette enabled
1667976518712	Marionette	INFO	Listening on port 49464
Read port: 49464
1667976518953	RemoteAgent	WARN	TLS certificate errors will be ignored for this session
console.warn: SearchSettings: "get: No settings file exists, new profile?" (new NotFoundError("Could not open the file at C:\\Users\\nanom\\AppData\\Local\\Temp\\rust_mozprofileIoBthT\\search.json.mozlz4", (void 0)))
1667976552498	Marionette	INFO	Stopped listening on port 49464
JavaScript error: resource://services-settings/Utils.jsm, line 239: TypeError: NetworkError: Network request failed
1667976707342	geckodriver	INFO	Listening on 127.0.0.1:49890
1667976710423	mozrunner::runner	INFO	Running command: "C:\\Program Files\\Mozilla Firefox\\firefox.exe" "--marionette" "-no-remote" "-profile" "C:\\Users\\nanom\\AppData\\Local\\Temp\\rust_mozprofilebDjvpw"
1667976710882	Marionette	INFO	Marionette enabled
1667976710886	Marionette	INFO	Listening on port 49907
Read port: 49907
1667976711194	RemoteAgent	WARN	TLS certificate errors will be ignored for this session
console.warn: SearchSettings: "get: No settings file exists, new profile?" (new NotFoundError("Could not open the file at C:\\Users\\nanom\\AppData\\Local\\Temp\\rust_mozprofilebDjvpw\\search.json.mozlz4", (void 0)))
1667976721720	Marionette	INFO	Stopped listening on port 49907
console.warn: services.settings: main/quicksuggest sync interrupted by shutdown
1667976722350	geckodriver	INFO	Listening on 127.0.0.1:49985
1667976725377	mozrunner::runner	INFO	Running command: "C:\\Program Files\\Mozilla Firefox\\firefox.exe" "--marionette" "-no-remote" "-profile" "C:\\Users\\nanom\\AppData\\Local\\Temp\\rust_mozprofileFhqBPT"
1667976725791	Marionette	INFO	Marionette enabled
1667976725795	Marionette	INFO	Listening on port 50010
Read port: 50010
1667976726113	RemoteAgent	WARN	TLS certificate errors will be ignored for this session
console.warn: SearchSettings: "get: No settings file exists, new profile?" (new NotFoundError("Could not open the file at C:\\Users\\nanom\\AppData\\Local\\Temp\\rust_mozprofileFhqBPT\\search.json.mozlz4", (void 0)))
1667976729830	Marionette	INFO	Stopped listening on port 50010
JavaScript error: resource://services-settings/RemoteSettingsWorker.jsm, line 145: Error: Shutdown, aborting read-only worker requests.
1667976730477	geckodriver	INFO	Listening on 127.0.0.1:50095
1667976733535	mozrunner::runner	INFO	Running command: "C:\\Program Files\\Mozilla Firefox\\firefox.exe" "--marionette" "-no-remote" "-profile" "C:\\Users\\nanom\\AppData\\Local\\Temp\\rust_mozprofilesXxVml"
1667976733927	Marionette	INFO	Marionette enabled
1667976733931	Marionette	INFO	Listening on port 50111
Read port: 50111
1667976734184	RemoteAgent	WARN	TLS certificate errors will be ignored for this session
console.warn: SearchSettings: "get: No settings file exists, new profile?" (new NotFoundError("Could not open the file at C:\\Users\\nanom\\AppData\\Local\\Temp\\rust_mozprofilesXxVml\\search.json.mozlz4", (void 0)))
1667976738387	Marionette	INFO	Stopped listening on port 50111
console.warn: services.settings: main/partitioning-exempt-urls sync interrupted by shutdown
1667976739036	geckodriver	INFO	Listening on 127.0.0.1:50239
1667976742101	mozrunner::runner	INFO	Running command: "C:\\Program Files\\Mozilla Firefox\\firefox.exe" "--marionette" "-no-remote" "-profile" "C:\\Users\\nanom\\AppData\\Local\\Temp\\rust_mozprofileR0IqWe"
1667976742455	Marionette	INFO	Marionette enabled
1667976742458	Marionette	INFO	Listening on port 50279
Read port: 50279
1667976742605	RemoteAgent	WARN	TLS certificate errors will be ignored for this session
[GFX1-]: RenderCompositorSWGL failed mapping default framebuffer, no dt
console.warn: SearchSettings: "get: No settings file exists, new profile?" (new NotFoundError("Could not open the file at C:\\Users\\nanom\\AppData\\Local\\Temp\\rust_mozprofileR0IqWe\\search.json.mozlz4", (void 0)))
1667976745943	Marionette	INFO	Stopped listening on port 50279
console.warn: services.settings: main/partitioning-exempt-urls sync interrupted by shutdown
1667976746453	geckodriver	INFO	Listening on 127.0.0.1:50322
1667976749492	mozrunner::runner	INFO	Running command: "C:\\Program Files\\Mozilla Firefox\\firefox.exe" "--marionette" "-no-remote" "-profile" "C:\\Users\\nanom\\AppData\\Local\\Temp\\rust_mozprofileI8SOdY"
1667976749910	Marionette	INFO	Marionette enabled
1667976749913	Marionette	INFO	Listening on port 50358
Read port: 50358
1667976749991	RemoteAgent	WARN	TLS certificate errors will be ignored for this session
console.warn: SearchSettings: "get: No settings file exists, new profile?" (new NotFoundError("Could not open the file at C:\\Users\\nanom\\AppData\\Local\\Temp\\rust_mozprofileI8SOdY\\search.json.mozlz4", (void 0)))
1667976753240	Marionette	INFO	Stopped listening on port 50358
[GFX1-]: RenderCompositorSWGL failed mapping default framebuffer, no dt
console.warn: services.settings: main/quicksuggest sync interrupted by shutdown
console.warn: services.settings: main/partitioning-exempt-urls sync interrupted by shutdown
1667976865548	geckodriver	INFO	Listening on 127.0.0.1:50661
1667976868606	mozrunner::runner	INFO	Running command: "C:\\Program Files\\Mozilla Firefox\\firefox.exe" "--marionette" "--headless" "-no-remote" "-profile" "C:\\Users\\nanom\\AppData\\Local\\Temp\\rust_mozprofileHwizLb"
*** You are running in headless mode.
1667976868941	Marionette	INFO	Marionette enabled
1667976868945	Marionette	INFO	Listening on port 50678
Read port: 50678
1667976869144	RemoteAgent	WARN	TLS certificate errors will be ignored for this session
[GFX1-]: RenderCompositorSWGL failed mapping default framebuffer, no dt
console.warn: SearchSettings: "get: No settings file exists, new profile?" (new NotFoundError("Could not open the file at C:\\Users\\nanom\\AppData\\Local\\Temp\\rust_mozprofileHwizLb\\search.json.mozlz4", (void 0)))
1667976872602	Marionette	INFO	Stopped listening on port 50678
[Parent 22708, IPC I/O Parent] WARNING: file /builds/worker/checkouts/gecko/ipc/chromium/src/base/process_util_win.cc:167
1667976873086	geckodriver	INFO	Listening on 127.0.0.1:50761
1667976876149	mozrunner::runner	INFO	Running command: "C:\\Program Files\\Mozilla Firefox\\firefox.exe" "--marionette" "--headless" "-no-remote" "-profile" "C:\\Users\\nanom\\AppData\\Local\\Temp\\rust_mozprofilejKhrPm"
*** You are running in headless mode.
1667976876473	Marionette	INFO	Marionette enabled
1667976876477	Marionette	INFO	Listening on port 50790
Read port: 50790
1667976876546	RemoteAgent	WARN	TLS certificate errors will be ignored for this session
[GFX1-]: RenderCompositorSWGL failed mapping default framebuffer, no dt
console.warn: SearchSettings: "get: No settings file exists, new profile?" (new NotFoundError("Could not open the file at C:\\Users\\nanom\\AppData\\Local\\Temp\\rust_mozprofilejKhrPm\\search.json.mozlz4", (void 0)))
1667976879760	Marionette	INFO	Stopped listening on port 50790
[Parent 21388, IPC I/O Parent] WARNING: file /builds/worker/checkouts/gecko/ipc/chromium/src/base/process_util_win.cc:167
JavaScript error: resource://services-settings/RemoteSettingsWorker.jsm, line 145: Error: Shutdown, aborting read-only worker requests.
1667976880360	geckodriver	INFO	Listening on 127.0.0.1:50873
1667976883425	mozrunner::runner	INFO	Running command: "C:\\Program Files\\Mozilla Firefox\\firefox.exe" "--marionette" "--headless" "-no-remote" "-profile" "C:\\Users\\nanom\\AppData\\Local\\Temp\\rust_mozprofileHmHbx7"
*** You are running in headless mode.
1667976883735	Marionette	INFO	Marionette enabled
1667976883738	Marionette	INFO	Listening on port 50887
Read port: 50887
1667976883806	RemoteAgent	WARN	TLS certificate errors will be ignored for this session
[GFX1-]: RenderCompositorSWGL failed mapping default framebuffer, no dt
console.warn: SearchSettings: "get: No settings file exists, new profile?" (new NotFoundError("Could not open the file at C:\\Users\\nanom\\AppData\\Local\\Temp\\rust_mozprofileHmHbx7\\search.json.mozlz4", (void 0)))
1667976886880	Marionette	INFO	Stopped listening on port 50887
1667976887409	geckodriver	INFO	Listening on 127.0.0.1:50961
1667976890482	mozrunner::runner	INFO	Running command: "C:\\Program Files\\Mozilla Firefox\\firefox.exe" "--marionette" "--headless" "-no-remote" "-profile" "C:\\Users\\nanom\\AppData\\Local\\Temp\\rust_mozprofile7ofGTR"
*** You are running in headless mode.
1667976890817	Marionette	INFO	Marionette enabled
1667976890820	Marionette	INFO	Listening on port 50980
Read port: 50980
1667976891092	RemoteAgent	WARN	TLS certificate errors will be ignored for this session
[GFX1-]: RenderCompositorSWGL failed mapping default framebuffer, no dt
console.warn: SearchSettings: "get: No settings file exists, new profile?" (new NotFoundError("Could not open the file at C:\\Users\\nanom\\AppData\\Local\\Temp\\rust_mozprofile7ofGTR\\search.json.mozlz4", (void 0)))
1667976894364	Marionette	INFO	Stopped listening on port 50980
JavaScript error: resource://services-settings/RemoteSettingsWorker.jsm, line 145: Error: Shutdown, aborting read-only worker requests.
1667976894958	geckodriver	INFO	Listening on 127.0.0.1:51066
1667976898025	mozrunner::runner	INFO	Running command: "C:\\Program Files\\Mozilla Firefox\\firefox.exe" "--marionette" "--headless" "-no-remote" "-profile" "C:\\Users\\nanom\\AppData\\Local\\Temp\\rust_mozprofileaIqcyX"
*** You are running in headless mode.
1667976898348	Marionette	INFO	Marionette enabled
1667976898351	Marionette	INFO	Listening on port 51079
Read port: 51079
1667976898419	RemoteAgent	WARN	TLS certificate errors will be ignored for this session
[GFX1-]: RenderCompositorSWGL failed mapping default framebuffer, no dt
console.warn: SearchSettings: "get: No settings file exists, new profile?" (new NotFoundError("Could not open the file at C:\\Users\\nanom\\AppData\\Local\\Temp\\rust_mozprofileaIqcyX\\search.json.mozlz4", (void 0)))
1667976902322	Marionette	INFO	Stopped listening on port 51079
JavaScript error: resource://services-settings/RemoteSettingsWorker.jsm, line 145: Error: Shutdown, aborting read-only worker requests.
1667976972083	geckodriver	INFO	Listening on 127.0.0.1:51403
1667976975167	mozrunner::runner	INFO	Running command: "C:\\Program Files\\Mozilla Firefox\\firefox.exe" "--marionette" "--headless" "-no-remote" "-profile" "C:\\Users\\nanom\\AppData\\Local\\Temp\\rust_mozprofiledGK2e2"
*** You are running in headless mode.
1667976975502	Marionette	INFO	Marionette enabled
1667976975506	Marionette	INFO	Listening on port 51419
Read port: 51419
1667976975576	RemoteAgent	WARN	TLS certificate errors will be ignored for this session
[GFX1-]: RenderCompositorSWGL failed mapping default framebuffer, no dt
console.warn: SearchSettings: "get: No settings file exists, new profile?" (new NotFoundError("Could not open the file at C:\\Users\\nanom\\AppData\\Local\\Temp\\rust_mozprofiledGK2e2\\search.json.mozlz4", (void 0)))
1667976979793	Marionette	INFO	Stopped listening on port 51419
1667976980391	geckodriver	INFO	Listening on 127.0.0.1:51498
1667976983457	mozrunner::runner	INFO	Running command: "C:\\Program Files\\Mozilla Firefox\\firefox.exe" "--marionette" "--headless" "-no-remote" "-profile" "C:\\Users\\nanom\\AppData\\Local\\Temp\\rust_mozprofile4oP5Ma"
*** You are running in headless mode.
1667976983759	Marionette	INFO	Marionette enabled
1667976983763	Marionette	INFO	Listening on port 51511
Read port: 51511
1667976983830	RemoteAgent	WARN	TLS certificate errors will be ignored for this session
[GFX1-]: RenderCompositorSWGL failed mapping default framebuffer, no dt
console.warn: SearchSettings: "get: No settings file exists, new profile?" (new NotFoundError("Could not open the file at C:\\Users\\nanom\\AppData\\Local\\Temp\\rust_mozprofile4oP5Ma\\search.json.mozlz4", (void 0)))
1667976987180	Marionette	INFO	Stopped listening on port 51511
[Parent 7552, IPC I/O Parent] WARNING: file /builds/worker/checkouts/gecko/ipc/chromium/src/base/process_util_win.cc:167
JavaScript error: resource://services-settings/RemoteSettingsWorker.jsm, line 145: Error: Shutdown, aborting read-only worker requests.
1667976987787	geckodriver	INFO	Listening on 127.0.0.1:51596
1667976990859	mozrunner::runner	INFO	Running command: "C:\\Program Files\\Mozilla Firefox\\firefox.exe" "--marionette" "--headless" "-no-remote" "-profile" "C:\\Users\\nanom\\AppData\\Local\\Temp\\rust_mozprofileL8C0xu"
*** You are running in headless mode.
1667976991165	Marionette	INFO	Marionette enabled
1667976991168	Marionette	INFO	Listening on port 51609
Read port: 51609
1667976991238	RemoteAgent	WARN	TLS certificate errors will be ignored for this session
[GFX1-]: RenderCompositorSWGL failed mapping default framebuffer, no dt
console.warn: SearchSettings: "get: No settings file exists, new profile?" (new NotFoundError("Could not open the file at C:\\Users\\nanom\\AppData\\Local\\Temp\\rust_mozprofileL8C0xu\\search.json.mozlz4", (void 0)))
1667976994605	Marionette	INFO	Stopped listening on port 51609
1667976995197	geckodriver	INFO	Listening on 127.0.0.1:51682
1667976998277	mozrunner::runner	INFO	Running command: "C:\\Program Files\\Mozilla Firefox\\firefox.exe" "--marionette" "--headless" "-no-remote" "-profile" "C:\\Users\\nanom\\AppData\\Local\\Temp\\rust_mozprofileF4Ol4e"
*** You are running in headless mode.
1667976998585	Marionette	INFO	Marionette enabled
1667976998588	Marionette	INFO	Listening on port 51695
Read port: 51695
1667976998657	RemoteAgent	WARN	TLS certificate errors will be ignored for this session
[GFX1-]: RenderCompositorSWGL failed mapping default framebuffer, no dt
console.warn: SearchSettings: "get: No settings file exists, new profile?" (new NotFoundError("Could not open the file at C:\\Users\\nanom\\AppData\\Local\\Temp\\rust_mozprofileF4Ol4e\\search.json.mozlz4", (void 0)))
1667977002285	Marionette	INFO	Stopped listening on port 51695
[Parent 14836, IPC I/O Parent] WARNING: file /builds/worker/checkouts/gecko/ipc/chromium/src/base/process_util_win.cc:167
JavaScript error: resource://services-settings/RemoteSettingsWorker.jsm, line 145: Error: Shutdown, aborting read-only worker requests.
1667977002883	geckodriver	INFO	Listening on 127.0.0.1:51785
1667977005950	mozrunner::runner	INFO	Running command: "C:\\Program Files\\Mozilla Firefox\\firefox.exe" "--marionette" "--headless" "-no-remote" "-profile" "C:\\Users\\nanom\\AppData\\Local\\Temp\\rust_mozprofilenUrMm3"
*** You are running in headless mode.
1667977006247	Marionette	INFO	Marionette enabled
1667977006250	Marionette	INFO	Listening on port 51798
Read port: 51798
1667977006331	RemoteAgent	WARN	TLS certificate errors will be ignored for this session
[GFX1-]: RenderCompositorSWGL failed mapping default framebuffer, no dt
console.warn: SearchSettings: "get: No settings file exists, new profile?" (new NotFoundError("Could not open the file at C:\\Users\\nanom\\AppData\\Local\\Temp\\rust_mozprofilenUrMm3\\search.json.mozlz4", (void 0)))
1667977009607	Marionette	INFO	Stopped listening on port 51798
JavaScript error: resource://services-settings/RemoteSettingsWorker.jsm, line 145: Error: Shutdown, aborting read-only worker requests.
1667978665425	geckodriver	INFO	Listening on 127.0.0.1:61588
1667978668486	mozrunner::runner	INFO	Running command: "C:\\Program Files\\Mozilla Firefox\\firefox.exe" "--marionette" "--headless" "-no-remote" "-profile" "C:\\Users\\nanom\\AppData\\Local\\Temp\\rust_mozprofilebhay9z"
*** You are running in headless mode.
1667978668791	Marionette	INFO	Marionette enabled
1667978668794	Marionette	INFO	Listening on port 61602
Read port: 61602
1667978668863	RemoteAgent	WARN	TLS certificate errors will be ignored for this session
[GFX1-]: RenderCompositorSWGL failed mapping default framebuffer, no dt
console.warn: SearchSettings: "get: No settings file exists, new profile?" (new NotFoundError("Could not open the file at C:\\Users\\nanom\\AppData\\Local\\Temp\\rust_mozprofilebhay9z\\search.json.mozlz4", (void 0)))
Exiting due to channel error.
Listening on 127.0.0.1:61686
1667978675383	mozrunner::runner	INFO	Running command: "C:\\Program Files\\Mozilla Firefox\\firefox.exe" "--marionette" "--headless" "-no-remote" "-profile" "C:\\Users\\nanom\\AppData\\Local\\Temp\\rust_mozprofileOdqBwG"
*** You are running in headless mode.
1667978675688	Marionette	INFO	Marionette enabled
1667978675692	Marionette	INFO	Listening on port 61784
Read port: 61784
1667978675763	RemoteAgent	WARN	TLS certificate errors will be ignored for this session
[GFX1-]: RenderCompositorSWGL failed mapping default framebuffer, no dt
console.warn: SearchSettings: "get: No settings file exists, new profile?" (new NotFoundError("Could not open the file at C:\\Users\\nanom\\AppData\\Local\\Temp\\rust_mozprofileOdqBwG\\search.json.mozlz4", (void 0)))
1667978679119	Marionette	INFO	Stopped listening on port 61784
[Parent 24312, IPC I/O Parent] WARNING: file /builds/worker/checkouts/gecko/ipc/chromium/src/base/process_util_win.cc:167
JavaScript error: resource://services-settings/RemoteSettingsWorker.jsm, line 145: Error: Shutdown, aborting read-only worker requests.
1667978738379	geckodriver	INFO	Listening on 127.0.0.1:62065
1667978741462	mozrunner::runner	INFO	Running command: "C:\\Program Files\\Mozilla Firefox\\firefox.exe" "--marionette" "--headless" "-no-remote" "-profile" "C:\\Users\\nanom\\AppData\\Local\\Temp\\rust_mozprofilewqufJX"
*** You are running in headless mode.
1667978741764	Marionette	INFO	Marionette enabled
1667978741768	Marionette	INFO	Listening on port 62080
Read port: 62080
1667978741834	RemoteAgent	WARN	TLS certificate errors will be ignored for this session
[GFX1-]: RenderCompositorSWGL failed mapping default framebuffer, no dt
console.warn: SearchSettings: "get: No settings file exists, new profile?" (new NotFoundError("Could not open the file at C:\\Users\\nanom\\AppData\\Local\\Temp\\rust_mozprofilewqufJX\\search.json.mozlz4", (void 0)))
Exiting due to channel error.
Exiting due to channel error.
Exiting due to channel error.
NFO	Running command: "C:\\Program Files\\Mozilla Firefox\\firefox.exe" "--marionette" "--headless" "-no-remote" "-profile" "C:\\Users\\nanom\\AppData\\Local\\Temp\\rust_mozprofilevD3sH9"
*** You are running in headless mode.
1667978748800	Marionette	INFO	Marionette enabled
1667978748804	Marionette	INFO	Listening on port 62248
Read port: 62248
1667978748880	RemoteAgent	WARN	TLS certificate errors will be ignored for this session
[GFX1-]: RenderCompositorSWGL failed mapping default framebuffer, no dt
console.warn: SearchSettings: "get: No settings file exists, new profile?" (new NotFoundError("Could not open the file at C:\\Users\\nanom\\AppData\\Local\\Temp\\rust_mozprofilevD3sH9\\search.json.mozlz4", (void 0)))
1667978752131	Marionette	INFO	Stopped listening on port 62248
1667978766991	geckodriver	INFO	Listening on 127.0.0.1:62465
1667978770071	mozrunner::runner	INFO	Running command: "C:\\Program Files\\Mozilla Firefox\\firefox.exe" "--marionette" "--headless" "-no-remote" "-profile" "C:\\Users\\nanom\\AppData\\Local\\Temp\\rust_mozprofile41gQnp"
*** You are running in headless mode.
1667978770387	Marionette	INFO	Marionette enabled
1667978770390	Marionette	INFO	Listening on port 62483
Read port: 62483
1667978770454	RemoteAgent	WARN	TLS certificate errors will be ignored for this session
[GFX1-]: RenderCompositorSWGL failed mapping default framebuffer, no dt
console.warn: SearchSettings: "get: No settings file exists, new profile?" (new NotFoundError("Could not open the file at C:\\Users\\nanom\\AppData\\Local\\Temp\\rust_mozprofile41gQnp\\search.json.mozlz4", (void 0)))
1667978779469	geckodriver	INFO	Listening on 127.0.0.1:62596
1667978782598	mozrunner::runner	INFO	Running command: "C:\\Program Files\\Mozilla Firefox\\firefox.exe" "--marionette" "--headless" "-no-remote" "-profile" "C:\\Users\\nanom\\AppData\\Local\\Temp\\rust_mozprofileD6tZ5D"
*** You are running in headless mode.
1667978783351	Marionette	INFO	Marionette enabled
1667978783354	Marionette	INFO	Listening on port 62695
Read port: 62695
1667978783422	RemoteAgent	WARN	TLS certificate errors will be ignored for this session
[GFX1-]: RenderCompositorSWGL failed mapping default framebuffer, no dt
console.warn: SearchSettings: "get: No settings file exists, new profile?" (new NotFoundError("Could not open the file at C:\\Users\\nanom\\AppData\\Local\\Temp\\rust_mozprofileD6tZ5D\\search.json.mozlz4", (void 0)))
1667978790204	geckodriver	INFO	Listening on 127.0.0.1:62906
1667978793258	mozrunner::runner	INFO	Running command: "C:\\Program Files\\Mozilla Firefox\\firefox.exe" "--marionette" "--headless" "-no-remote" "-profile" "C:\\Users\\nanom\\AppData\\Local\\Temp\\rust_mozprofilepBIvie"
*** You are running in headless mode.
1667978793579	Marionette	INFO	Marionette enabled
1667978793583	Marionette	INFO	Listening on port 63065
Read port: 63065
1667978793662	RemoteAgent	WARN	TLS certificate errors will be ignored for this session
[GFX1-]: RenderCompositorSWGL failed mapping default framebuffer, no dt
console.warn: SearchSettings: "get: No settings file exists, new profile?" (new NotFoundError("Could not open the file at C:\\Users\\nanom\\AppData\\Local\\Temp\\rust_mozprofilepBIvie\\search.json.mozlz4", (void 0)))
Exiting due to channel error.
Exiting due to channel error.
67978802706	mozrunner::runner	INFO	Running command: "C:\\Program Files\\Mozilla Firefox\\firefox.exe" "--marionette" "--headless" "-no-remote" "-profile" "C:\\Users\\nanom\\AppData\\Local\\Temp\\rust_mozprofileRj35Rr"
*** You are running in headless mode.
1667978803037	Marionette	INFO	Marionette enabled
1667978803041	Marionette	INFO	Listening on port 63419
Read port: 63419
1667978803288	RemoteAgent	WARN	TLS certificate errors will be ignored for this session
[GFX1-]: RenderCompositorSWGL failed mapping default framebuffer, no dt
console.warn: SearchSettings: "get: No settings file exists, new profile?" (new NotFoundError("Could not open the file at C:\\Users\\nanom\\AppData\\Local\\Temp\\rust_mozprofileRj35Rr\\search.json.mozlz4", (void 0)))
Exiting due to channel error.
Listening on 127.0.0.1:63546
1667978810446	mozrunner::runner	INFO	Running command: "C:\\Program Files\\Mozilla Firefox\\firefox.exe" "--marionette" "--headless" "-no-remote" "-profile" "C:\\Users\\nanom\\AppData\\Local\\Temp\\rust_mozprofile66yChc"
*** You are running in headless mode.
1667978811171	Marionette	INFO	Marionette enabled
1667978811176	Marionette	INFO	Listening on port 63649
Read port: 63649
1667978811387	RemoteAgent	WARN	TLS certificate errors will be ignored for this session
[GFX1-]: RenderCompositorSWGL failed mapping default framebuffer, no dt
console.warn: SearchSettings: "get: No settings file exists, new profile?" (new NotFoundError("Could not open the file at C:\\Users\\nanom\\AppData\\Local\\Temp\\rust_mozprofile66yChc\\search.json.mozlz4", (void 0)))
Exiting due to channel error.
Exiting due to channel error.
Exiting due to channel error.
1668017938088	geckodriver	INFO	Listening on 127.0.0.1:50220
1668017941120	mozrunner::runner	INFO	Running command: "C:\\Program Files\\Mozilla Firefox\\firefox.exe" "--marionette" "--headless" "-no-remote" "-profile" "C:\\Users\\nanom\\AppData\\Local\\Temp\\rust_mozprofileSBIbkp"
*** You are running in headless mode.
1668017941782	Marionette	INFO	Marionette enabled
1668017941786	Marionette	INFO	Listening on port 50234
Read port: 50234
1668017942015	RemoteAgent	WARN	TLS certificate errors will be ignored for this session
[GFX1-]: RenderCompositorSWGL failed mapping default framebuffer, no dt
console.warn: SearchSettings: "get: No settings file exists, new profile?" (new NotFoundError("Could not open the file at C:\\Users\\nanom\\AppData\\Local\\Temp\\rust_mozprofileSBIbkp\\search.json.mozlz4", (void 0)))
1668017945208	geckodriver	INFO	Listening on 127.0.0.1:50313
1668017948227	mozrunner::runner	INFO	Running command: "C:\\Program Files\\Mozilla Firefox\\firefox.exe" "--marionette" "--headless" "-no-remote" "-profile" "C:\\Users\\nanom\\AppData\\Local\\Temp\\rust_mozprofileKbSCF0"
*** You are running in headless mode.
1668017948565	Marionette	INFO	Marionette enabled
1668017948570	Marionette	INFO	Listening on port 50402
Read port: 50402
1668017948771	RemoteAgent	WARN	TLS certificate errors will be ignored for this session
[GFX1-]: RenderCompositorSWGL failed mapping default framebuffer, no dt
console.warn: SearchSettings: "get: No settings file exists, new profile?" (new NotFoundError("Could not open the file at C:\\Users\\nanom\\AppData\\Local\\Temp\\rust_mozprofileKbSCF0\\search.json.mozlz4", (void 0)))
1668017951610	geckodriver	INFO	Listening on 127.0.0.1:50513
1668017954638	mozrunner::runner	INFO	Running command: "C:\\Program Files\\Mozilla Firefox\\firefox.exe" "--marionette" "--headless" "-no-remote" "-profile" "C:\\Users\\nanom\\AppData\\Local\\Temp\\rust_mozprofileCsTD4H"
*** You are running in headless mode.
1668017954937	Marionette	INFO	Marionette enabled
1668017954940	Marionette	INFO	Listening on port 50587
Read port: 50587
1668017955004	RemoteAgent	WARN	TLS certificate errors will be ignored for this session
[GFX1-]: RenderCompositorSWGL failed mapping default framebuffer, no dt
console.warn: SearchSettings: "get: No settings file exists, new profile?" (new NotFoundError("Could not open the file at C:\\Users\\nanom\\AppData\\Local\\Temp\\rust_mozprofileCsTD4H\\search.json.mozlz4", (void 0)))
1668017959903	geckodriver	INFO	Listening on 127.0.0.1:50768
1668017962921	mozrunner::runner	INFO	Running command: "C:\\Program Files\\Mozilla Firefox\\firefox.exe" "--marionette" "--headless" "-no-remote" "-profile" "C:\\Users\\nanom\\AppData\\Local\\Temp\\rust_mozprofilelGoFkq"
*** You are running in headless mode.
1668017963230	Marionette	INFO	Marionette enabled
1668017963234	Marionette	INFO	Listening on port 50821
Read port: 50821
1668017963305	RemoteAgent	WARN	TLS certificate errors will be ignored for this session
[GFX1-]: RenderCompositorSWGL failed mapping default framebuffer, no dt
console.warn: SearchSettings: "get: No settings file exists, new profile?" (new NotFoundError("Could not open the file at C:\\Users\\nanom\\AppData\\Local\\Temp\\rust_mozprofilelGoFkq\\search.json.mozlz4", (void 0)))
1668017966325	geckodriver	INFO	Listening on 127.0.0.1:50963
1668017969352	mozrunner::runner	INFO	Running command: "C:\\Program Files\\Mozilla Firefox\\firefox.exe" "--marionette" "--headless" "-no-remote" "-profile" "C:\\Users\\nanom\\AppData\\Local\\Temp\\rust_mozprofileVqhyHQ"
*** You are running in headless mode.
1668017969655	Marionette	INFO	Marionette enabled
1668017969660	Marionette	INFO	Listening on port 51059
Read port: 51059
1668017969728	RemoteAgent	WARN	TLS certificate errors will be ignored for this session
[GFX1-]: RenderCompositorSWGL failed mapping default framebuffer, no dt
console.warn: SearchSettings: "get: No settings file exists, new profile?" (new NotFoundError("Could not open the file at C:\\Users\\nanom\\AppData\\Local\\Temp\\rust_mozprofileVqhyHQ\\search.json.mozlz4", (void 0)))
1668017974403	geckodriver	INFO	Listening on 127.0.0.1:51260
1668017977410	mozrunner::runner	INFO	Running command: "C:\\Program Files\\Mozilla Firefox\\firefox.exe" "--marionette" "--headless" "-no-remote" "-profile" "C:\\Users\\nanom\\AppData\\Local\\Temp\\rust_mozprofilezpVonh"
*** You are running in headless mode.
1668017977727	Marionette	INFO	Marionette enabled
1668017977731	Marionette	INFO	Listening on port 51349
Read port: 51349
1668017977801	RemoteAgent	WARN	TLS certificate errors will be ignored for this session
[GFX1-]: RenderCompositorSWGL failed mapping default framebuffer, no dt
console.warn: SearchSettings: "get: No settings file exists, new profile?" (new NotFoundError("Could not open the file at C:\\Users\\nanom\\AppData\\Local\\Temp\\rust_mozprofilezpVonh\\search.json.mozlz4", (void 0)))
1668017980996	geckodriver	INFO	Listening on 127.0.0.1:51481
1668017984002	mozrunner::runner	INFO	Running command: "C:\\Program Files\\Mozilla Firefox\\firefox.exe" "--marionette" "--headless" "-no-remote" "-profile" "C:\\Users\\nanom\\AppData\\Local\\Temp\\rust_mozprofileDHyBq7"
*** You are running in headless mode.
1668017984316	Marionette	INFO	Marionette enabled
1668017984319	Marionette	INFO	Listening on port 51570
Read port: 51570
1668017984391	RemoteAgent	WARN	TLS certificate errors will be ignored for this session
[GFX1-]: RenderCompositorSWGL failed mapping default framebuffer, no dt
console.warn: SearchSettings: "get: No settings file exists, new profile?" (new NotFoundError("Could not open the file at C:\\Users\\nanom\\AppData\\Local\\Temp\\rust_mozprofileDHyBq7\\search.json.mozlz4", (void 0)))
